f:\github\quake-2\debug\quake2.bsc
f:\github\quake-2\debug\cl_newfx.sbr
f:\github\quake-2\debug\cl_newfx.obj
f:\github\quake-2\debug\cl_tent.sbr
f:\github\quake-2\debug\cl_tent.obj
f:\github\quake-2\debug\snd_mem.sbr
f:\github\quake-2\debug\snd_mem.obj
f:\github\quake-2\debug\crc.sbr
f:\github\quake-2\debug\crc.obj
f:\github\quake-2\debug\sv_main.sbr
f:\github\quake-2\debug\sv_main.obj
f:\github\quake-2\debug\snd_win.sbr
f:\github\quake-2\debug\snd_win.obj
f:\github\quake-2\debug\cl_ents.sbr
f:\github\quake-2\debug\cl_ents.obj
f:\github\quake-2\debug\menu.sbr
f:\github\quake-2\debug\menu.obj
f:\github\quake-2\debug\cmodel.sbr
f:\github\quake-2\debug\cmodel.obj
f:\github\quake-2\debug\sv_ccmds.sbr
f:\github\quake-2\debug\sv_ccmds.obj
f:\github\quake-2\debug\sv_world.sbr
f:\github\quake-2\debug\sv_world.obj
f:\github\quake-2\debug\vid_dll.sbr
f:\github\quake-2\debug\vid_dll.obj
f:\github\quake-2\debug\cl_cin.sbr
f:\github\quake-2\debug\cl_cin.obj
f:\github\quake-2\debug\cl_view.sbr
f:\github\quake-2\debug\cl_view.obj
f:\github\quake-2\debug\snd_mix.sbr
f:\github\quake-2\debug\snd_mix.obj
f:\github\quake-2\debug\cvar.sbr
f:\github\quake-2\debug\cvar.obj
f:\github\quake-2\debug\sv_user.sbr
f:\github\quake-2\debug\sv_user.obj
f:\github\quake-2\debug\sys_win.sbr
f:\github\quake-2\debug\sys_win.obj
f:\github\quake-2\debug\cl_fx.sbr
f:\github\quake-2\debug\cl_fx.obj
f:\github\quake-2\debug\console.sbr
f:\github\quake-2\debug\console.obj
f:\github\quake-2\debug\q_shared.sbr
f:\github\quake-2\debug\q_shared.obj
f:\github\quake-2\debug\pmove.sbr
f:\github\quake-2\debug\pmove.obj
f:\github\quake-2\debug\sv_send.sbr
f:\github\quake-2\debug\sv_send.obj
f:\github\quake-2\debug\q_shwin.sbr
f:\github\quake-2\debug\q_shwin.obj
f:\github\quake-2\debug\cl_parse.sbr
f:\github\quake-2\debug\cl_parse.obj
f:\github\quake-2\debug\keys.sbr
f:\github\quake-2\debug\keys.obj
f:\github\quake-2\debug\x86.sbr
f:\github\quake-2\debug\x86.obj
f:\github\quake-2\debug\md4.sbr
f:\github\quake-2\debug\md4.obj
f:\github\quake-2\debug\sv_ents.sbr
f:\github\quake-2\debug\sv_ents.obj
f:\github\quake-2\debug\in_win.sbr
f:\github\quake-2\debug\in_win.obj
f:\github\quake-2\debug\cl_input.sbr
f:\github\quake-2\debug\cl_input.obj
f:\github\quake-2\debug\cl_scrn.sbr
f:\github\quake-2\debug\cl_scrn.obj
f:\github\quake-2\debug\m_flash.sbr
f:\github\quake-2\debug\m_flash.obj
f:\github\quake-2\debug\common.sbr
f:\github\quake-2\debug\common.obj
f:\github\quake-2\debug\cd_win.sbr
f:\github\quake-2\debug\cd_win.obj
f:\github\quake-2\debug\vid_menu.sbr
f:\github\quake-2\debug\vid_menu.obj
f:\github\quake-2\debug\cl_main.sbr
f:\github\quake-2\debug\cl_main.obj
f:\github\quake-2\debug\qmenu.sbr
f:\github\quake-2\debug\qmenu.obj
f:\github\quake-2\debug\cmd.sbr
f:\github\quake-2\debug\cmd.obj
f:\github\quake-2\debug\net_chan.sbr
f:\github\quake-2\debug\net_chan.obj
f:\github\quake-2\debug\sv_init.sbr
f:\github\quake-2\debug\sv_init.obj
f:\github\quake-2\debug\conproc.sbr
f:\github\quake-2\debug\conproc.obj
f:\github\quake-2\debug\cl_inv.sbr
f:\github\quake-2\debug\cl_inv.obj
f:\github\quake-2\debug\cl_pred.sbr
f:\github\quake-2\debug\cl_pred.obj
f:\github\quake-2\debug\snd_dma.sbr
f:\github\quake-2\debug\snd_dma.obj
f:\github\quake-2\debug\files.sbr
f:\github\quake-2\debug\files.obj
f:\github\quake-2\debug\sv_game.sbr
f:\github\quake-2\debug\sv_game.obj
f:\github\quake-2\debug\net_wins.sbr
f:\github\quake-2\debug\net_wins.obj
f:\github\quake-2\debug\vc141.pdb
f:\github\quake-2\debug\quake2.ilk
f:\github\quake-2\debug\quake2.exe
f:\github\quake-2\debug\quake2.pdb
f:\github\quake-2\debug\r_aclipa.obj
f:\github\quake-2\debug\r_draw16.obj
f:\github\quake-2\debug\r_drawa.obj
f:\github\quake-2\debug\r_edgea.obj
f:\github\quake-2\debug\r_polysa.obj
f:\github\quake-2\debug\r_scana.obj
f:\github\quake-2\debug\r_spr8.obj
f:\github\quake-2\debug\r_surf8.obj
f:\github\quake-2\debug\r_varsa.obj
f:\github\quake-2\debug\ref_dx11.ilk
f:\github\quake-2\debug\ref_dx11.exp
f:\github\quake-2\debug\vc141.idb
f:\github\quake-2\debug\ref_dx11.pdb
f:\github\quake-2\.\debug\quake2.exe
f:\github\quake-2\debug\quake2.tlog\bscmake.command.1.tlog
f:\github\quake-2\debug\quake2.tlog\bscmake.read.1.tlog
f:\github\quake-2\debug\quake2.tlog\bscmake.write.1.tlog
f:\github\quake-2\debug\quake2.tlog\cl.command.1.tlog
f:\github\quake-2\debug\quake2.tlog\cl.read.1.tlog
f:\github\quake-2\debug\quake2.tlog\cl.write.1.tlog
f:\github\quake-2\debug\quake2.tlog\link.command.1.tlog
f:\github\quake-2\debug\quake2.tlog\link.read.1.tlog
f:\github\quake-2\debug\quake2.tlog\link.write.1.tlog
