  cl_cin.c
  cl_ents.c
  cl_fx.c
  cl_input.c
  cl_inv.c
  cl_main.c
  cl_newfx.c
  cl_parse.c
  cl_pred.c
  cl_scrn.c
  cl_tent.c
  cl_view.c
  console.c
  keys.c
  menu.c
  qmenu.c
  snd_dma.c
  snd_mem.c
  snd_mix.c
  x86.c
  m_flash.c
  q_shared.c
  cmd.c
  cmodel.c
c:\users\jgeorge1\documents\github\quake-2\client\keys.c(243): warning C4013: 'toupper' undefined; assuming extern returning int
  common.c
c:\users\jgeorge1\documents\github\quake-2\client\cl_input.c(479): warning C4700: uninitialized local variable 'buf' used
  crc.c
  cvar.c
  files.c
  md4.c
  net_chan.c
  pmove.c
  sv_ccmds.c
  sv_ents.c
  sv_game.c
  sv_init.c
  sv_main.c
  sv_send.c
  sv_user.c
  sv_world.c
  cd_win.c
  conproc.c
  in_win.c
  net_wins.c
  q_shwin.c
  snd_win.c
  sys_win.c
  vid_dll.c
  vid_menu.c
c:\users\jgeorge1\documents\github\quake-2\client\menu.c(3580): warning C4715: 'PlayerConfig_ScanDirectories': not all control paths return a value
c:\users\jgeorge1\documents\github\quake-2\win32\net_wins.c(484): warning C4133: 'function': incompatible types - from 'qboolean *' to 'u_long *'
c:\users\jgeorge1\documents\github\quake-2\win32\in_win.c(574): warning C4715: 'RawValuePointer': not all control paths return a value
c:\users\jgeorge1\documents\github\quake-2\win32\net_wins.c(124): warning C4715: 'NET_CompareAdr': not all control paths return a value
c:\users\jgeorge1\documents\github\quake-2\win32\net_wins.c(154): warning C4715: 'NET_CompareBaseAdr': not all control paths return a value
c:\users\jgeorge1\documents\github\quake-2\win32\sys_win.c(234): warning C4996: 'GetVersionExA': was declared deprecated
  c:\program files (x86)\windows kits\10\include\10.0.15063.0\um\sysinfoapi.h(436): note: see declaration of 'GetVersionExA'
cl_cin.obj : warning LNK4075: ignoring '/EDITANDCONTINUE' due to '/SAFESEH' specification
  quake2.vcxproj -> C:\Users\jgeorge1\Documents\GitHub\Quake-2\.\debug\quake2.exe
