f:\github\quake-2\ref_dx11\debug\vc141.pdb
f:\github\quake-2\ref_dx11\debug\vc141.idb
f:\github\quake-2\ref_dx11\debug\dx11_api.obj
f:\github\quake-2\ref_dx11\debug\dx11_client.obj
f:\github\quake-2\ref_dx11\debug\dx11_cvar.obj
f:\github\quake-2\ref_dx11\debug\dx11_image.obj
f:\github\quake-2\ref_dx11\debug\dx11_main.obj
f:\github\quake-2\ref_dx11\debug\dx11_model.obj
f:\github\quake-2\ref_dx11\debug\dx11_ref.obj
f:\github\quake-2\ref_dx11\debug\dx11_system.obj
f:\github\quake-2\ref_dx11\debug\q_shared.obj
f:\github\quake-2\ref_dx11\debug\q_shwin.obj
f:\github\quake-2\ref_dx11\debug\dx11_draw.obj
f:\github\quake-2\debug\ref_dx11.dll
f:\github\quake-2\debug\ref_dx11.ilk
f:\github\quake-2\debug\ref_dx11.pdb
f:\github\quake-2\debug\ref_dx11.lib
f:\github\quake-2\debug\ref_dx11.exp
f:\github\quake-2\ref_dx11\debug\ref_dx11.tlog\cl.command.1.tlog
f:\github\quake-2\ref_dx11\debug\ref_dx11.tlog\cl.read.1.tlog
f:\github\quake-2\ref_dx11\debug\ref_dx11.tlog\cl.write.1.tlog
f:\github\quake-2\ref_dx11\debug\ref_dx11.tlog\link.command.1.tlog
f:\github\quake-2\ref_dx11\debug\ref_dx11.tlog\link.read.1.tlog
f:\github\quake-2\ref_dx11\debug\ref_dx11.tlog\link.write.1.tlog
f:\github\quake-2\ref_dx11\debug\ref_dx11.tlog\ref_dx11.write.1u.tlog
