  dx12_system.cpp
d:\program files (x86)\microsoft visual studio\2017\community\vc\tools\msvc\14.12.25827\include\atomic(641): error C2338: atomic<T> requires T to be trivially copyable.
  c:\users\jgeorge1\documents\github\quake-2\ref_dx12\dx12_cvar.hpp(39): note: see reference to class template instantiation 'std::atomic<std::unique_ptr<cvar_t,std::default_delete<_Ty>>>' being compiled
          with
          [
              _Ty=cvar_t
          ]
  dx12_ref.cpp
d:\program files (x86)\microsoft visual studio\2017\community\vc\tools\msvc\14.12.25827\include\atomic(641): error C2338: atomic<T> requires T to be trivially copyable.
  c:\users\jgeorge1\documents\github\quake-2\ref_dx12\dx12_cvar.hpp(39): note: see reference to class template instantiation 'std::atomic<std::unique_ptr<cvar_t,std::default_delete<_Ty>>>' being compiled
          with
          [
              _Ty=cvar_t
          ]
  dx12_main.cpp
d:\program files (x86)\microsoft visual studio\2017\community\vc\tools\msvc\14.12.25827\include\atomic(641): error C2338: atomic<T> requires T to be trivially copyable.
  c:\users\jgeorge1\documents\github\quake-2\ref_dx12\dx12_cvar.hpp(39): note: see reference to class template instantiation 'std::atomic<std::unique_ptr<cvar_t,std::default_delete<_Ty>>>' being compiled
          with
          [
              _Ty=cvar_t
          ]
  dx12_image.cpp
d:\program files (x86)\microsoft visual studio\2017\community\vc\tools\msvc\14.12.25827\include\atomic(641): error C2338: atomic<T> requires T to be trivially copyable.
  c:\users\jgeorge1\documents\github\quake-2\ref_dx12\dx12_cvar.hpp(39): note: see reference to class template instantiation 'std::atomic<std::unique_ptr<cvar_t,std::default_delete<_Ty>>>' being compiled
          with
          [
              _Ty=cvar_t
          ]
c:\users\jgeorge1\documents\github\quake-2\ref_dx12\dx12_image.cpp(101): error C2065: 'image': undeclared identifier
c:\users\jgeorge1\documents\github\quake-2\ref_dx12\dx12_image.cpp(101): error C2065: 'name': undeclared identifier
c:\users\jgeorge1\documents\github\quake-2\ref_dx12\dx12_image.cpp(101): error C3861: 'GL_LoadPic': identifier not found
c:\users\jgeorge1\documents\github\quake-2\ref_dx12\dx12_image.cpp(315): error C2561: 'dx12::Image::Load': function must return a value
  c:\users\jgeorge1\documents\github\quake-2\ref_dx12\dx12_image.cpp(265): note: see declaration of 'dx12::Image::Load'
  dx12_draw.cpp
d:\program files (x86)\microsoft visual studio\2017\community\vc\tools\msvc\14.12.25827\include\atomic(641): error C2338: atomic<T> requires T to be trivially copyable.
  c:\users\jgeorge1\documents\github\quake-2\ref_dx12\dx12_cvar.hpp(39): note: see reference to class template instantiation 'std::atomic<std::unique_ptr<cvar_t,std::default_delete<_Ty>>>' being compiled
          with
          [
              _Ty=cvar_t
          ]
  dx12_cvar.cpp
d:\program files (x86)\microsoft visual studio\2017\community\vc\tools\msvc\14.12.25827\include\atomic(641): error C2338: atomic<T> requires T to be trivially copyable.
  c:\users\jgeorge1\documents\github\quake-2\ref_dx12\dx12_cvar.hpp(39): note: see reference to class template instantiation 'std::atomic<std::unique_ptr<cvar_t,std::default_delete<_Ty>>>' being compiled
          with
          [
              _Ty=cvar_t
          ]
  dx12_client.cpp
d:\program files (x86)\microsoft visual studio\2017\community\vc\tools\msvc\14.12.25827\include\atomic(641): error C2338: atomic<T> requires T to be trivially copyable.
  c:\users\jgeorge1\documents\github\quake-2\ref_dx12\dx12_cvar.hpp(39): note: see reference to class template instantiation 'std::atomic<std::unique_ptr<cvar_t,std::default_delete<_Ty>>>' being compiled
          with
          [
              _Ty=cvar_t
          ]
  dx12_api.cpp
d:\program files (x86)\microsoft visual studio\2017\community\vc\tools\msvc\14.12.25827\include\atomic(641): error C2338: atomic<T> requires T to be trivially copyable.
  c:\users\jgeorge1\documents\github\quake-2\ref_dx12\dx12_cvar.hpp(39): note: see reference to class template instantiation 'std::atomic<std::unique_ptr<cvar_t,std::default_delete<_Ty>>>' being compiled
          with
          [
              _Ty=cvar_t
          ]
  Generating Code...
